# JRE version: OpenJDK Runtime Environment (7.0_51-b31) (build 1.7.0_51-b31)
# Java VM: OpenJDK 64-Bit Server VM (24.51-b03 mixed mode linux-amd64 compressed oops)
Heap
 def new generation   total 132480K, used 0K [0x00000000cc000000, 0x00000000d4fc0000, 0x00000000d9e00000)
  eden space 117760K,   0% used [0x00000000cc000000, 0x00000000cc000000, 0x00000000d3300000)
  from space 14720K,   0% used [0x00000000d3300000, 0x00000000d3300000, 0x00000000d4160000)
  to   space 14720K,   0% used [0x00000000d4160000, 0x00000000d4160000, 0x00000000d4fc0000)
 tenured generation   total 311992K, used 283939K [0x00000000d9e00000, 0x00000000eceae000, 0x00000000f5a00000)
   the space 311992K,  91% used [0x00000000d9e00000, 0x00000000eb348f28, 0x00000000eb349000, 0x00000000eceae000)
 compacting perm gen  total 21248K, used 5944K [0x00000000f5a00000, 0x00000000f6ec0000, 0x0000000100000000)
   the space 21248K,  27% used [0x00000000f5a00000, 0x00000000f5fce0c0, 0x00000000f5fce200, 0x00000000f6ec0000)
GC Heap History (10 events):
Event: 18.552 GC heap after
Heap after GC invocations=55 (full 4):
 def new generation   total 132480K, used 9241K [0x00000000cc000000, 0x00000000d4fc0000, 0x00000000d9e00000)
  eden space 117760K,   0% used [0x00000000cc000000, 0x00000000cc000000, 0x00000000d3300000)
  from space 14720K,  62% used [0x00000000d4160000, 0x00000000d4a667c0, 0x00000000d4fc0000)
  to   space 14720K,   0% used [0x00000000d3300000, 0x00000000d3300000, 0x00000000d4160000)
 tenured generation   total 294328K, used 268527K [0x00000000d9e00000, 0x00000000ebd6e000, 0x00000000f5a00000)
   the space 294328K,  91% used [0x00000000d9e00000, 0x00000000ea43bee8, 0x00000000ea43c000, 0x00000000ebd6e000)
 compacting perm gen  total 21248K, used 5944K [0x00000000f5a00000, 0x00000000f6ec0000, 0x0000000100000000)
   the space 21248K,  27% used [0x00000000f5a00000, 0x00000000f5fce080, 0x00000000f5fce200, 0x00000000f6ec0000)
No shared spaces configured.
}
Event: 18.797 GC heap before
{Heap before GC invocations=55 (full 4):
 def new generation   total 132480K, used 127001K [0x00000000cc000000, 0x00000000d4fc0000, 0x00000000d9e00000)
  eden space 117760K, 100% used [0x00000000cc000000, 0x00000000d3300000, 0x00000000d3300000)
  from space 14720K,  62% used [0x00000000d4160000, 0x00000000d4a667c0, 0x00000000d4fc0000)
  to   space 14720K,   0% used [0x00000000d3300000, 0x00000000d3300000, 0x00000000d4160000)
 tenured generation   total 294328K, used 268527K [0x00000000d9e00000, 0x00000000ebd6e000, 0x00000000f5a00000)
   the space 294328K,  91% used [0x00000000d9e00000, 0x00000000ea43bee8, 0x00000000ea43c000, 0x00000000ebd6e000)
 compacting perm gen  total 21248K, used 5944K [0x00000000f5a00000, 0x00000000f6ec0000, 0x0000000100000000)
   the space 21248K,  27% used [0x00000000f5a00000, 0x00000000f5fce080, 0x00000000f5fce200, 0x00000000f6ec0000)
No shared spaces configured.
Event: 18.924 GC heap after
Heap after GC invocations=56 (full 4):
 def new generation   total 132480K, used 9054K [0x00000000cc000000, 0x00000000d4fc0000, 0x00000000d9e00000)
  eden space 117760K,   0% used [0x00000000cc000000, 0x00000000cc000000, 0x00000000d3300000)
  from space 14720K,  61% used [0x00000000d3300000, 0x00000000d3bd7b40, 0x00000000d4160000)
  to   space 14720K,   0% used [0x00000000d4160000, 0x00000000d4160000, 0x00000000d4fc0000)
 tenured generation   total 294328K, used 273157K [0x00000000d9e00000, 0x00000000ebd6e000, 0x00000000f5a00000)
   the space 294328K,  92% used [0x00000000d9e00000, 0x00000000ea8c1690, 0x00000000ea8c1800, 0x00000000ebd6e000)
 compacting perm gen  total 21248K, used 5944K [0x00000000f5a00000, 0x00000000f6ec0000, 0x0000000100000000)
   the space 21248K,  27% used [0x00000000f5a00000, 0x00000000f5fce080, 0x00000000f5fce200, 0x00000000f6ec0000)
No shared spaces configured.
}
Event: 19.173 GC heap before
{Heap before GC invocations=56 (full 4):
 def new generation   total 132480K, used 126814K [0x00000000cc000000, 0x00000000d4fc0000, 0x00000000d9e00000)
  eden space 117760K, 100% used [0x00000000cc000000, 0x00000000d3300000, 0x00000000d3300000)
  from space 14720K,  61% used [0x00000000d3300000, 0x00000000d3bd7b40, 0x00000000d4160000)
  to   space 14720K,   0% used [0x00000000d4160000, 0x00000000d4160000, 0x00000000d4fc0000)
 tenured generation   total 294328K, used 273157K [0x00000000d9e00000, 0x00000000ebd6e000, 0x00000000f5a00000)
   the space 294328K,  92% used [0x00000000d9e00000, 0x00000000ea8c1690, 0x00000000ea8c1800, 0x00000000ebd6e000)
 compacting perm gen  total 21248K, used 5944K [0x00000000f5a00000, 0x00000000f6ec0000, 0x0000000100000000)
   the space 21248K,  27% used [0x00000000f5a00000, 0x00000000f5fce080, 0x00000000f5fce200, 0x00000000f6ec0000)
No shared spaces configured.
Event: 19.289 GC heap after
Heap after GC invocations=57 (full 4):
 def new generation   total 132480K, used 8858K [0x00000000cc000000, 0x00000000d4fc0000, 0x00000000d9e00000)
  eden space 117760K,   0% used [0x00000000cc000000, 0x00000000cc000000, 0x00000000d3300000)
  from space 14720K,  60% used [0x00000000d4160000, 0x00000000d4a06918, 0x00000000d4fc0000)
  to   space 14720K,   0% used [0x00000000d3300000, 0x00000000d3300000, 0x00000000d4160000)
 tenured generation   total 294328K, used 277769K [0x00000000d9e00000, 0x00000000ebd6e000, 0x00000000f5a00000)
   the space 294328K,  94% used [0x00000000d9e00000, 0x00000000ead42678, 0x00000000ead42800, 0x00000000ebd6e000)
 compacting perm gen  total 21248K, used 5944K [0x00000000f5a00000, 0x00000000f6ec0000, 0x0000000100000000)
   the space 21248K,  27% used [0x00000000f5a00000, 0x00000000f5fce080, 0x00000000f5fce200, 0x00000000f6ec0000)
No shared spaces configured.
}
Event: 19.536 GC heap before
{Heap before GC invocations=57 (full 4):
 def new generation   total 132480K, used 126618K [0x00000000cc000000, 0x00000000d4fc0000, 0x00000000d9e00000)
  eden space 117760K, 100% used [0x00000000cc000000, 0x00000000d3300000, 0x00000000d3300000)
  from space 14720K,  60% used [0x00000000d4160000, 0x00000000d4a06918, 0x00000000d4fc0000)
  to   space 14720K,   0% used [0x00000000d3300000, 0x00000000d3300000, 0x00000000d4160000)
 tenured generation   total 294328K, used 277769K [0x00000000d9e00000, 0x00000000ebd6e000, 0x00000000f5a00000)
   the space 294328K,  94% used [0x00000000d9e00000, 0x00000000ead42678, 0x00000000ead42800, 0x00000000ebd6e000)
 compacting perm gen  total 21248K, used 5944K [0x00000000f5a00000, 0x00000000f6ec0000, 0x0000000100000000)
   the space 21248K,  27% used [0x00000000f5a00000, 0x00000000f5fce080, 0x00000000f5fce200, 0x00000000f6ec0000)
No shared spaces configured.
Event: 19.658 GC heap after
Heap after GC invocations=58 (full 4):
 def new generation   total 132480K, used 8931K [0x00000000cc000000, 0x00000000d4fc0000, 0x00000000d9e00000)
  eden space 117760K,   0% used [0x00000000cc000000, 0x00000000cc000000, 0x00000000d3300000)
  from space 14720K,  60% used [0x00000000d3300000, 0x00000000d3bb8c80, 0x00000000d4160000)
  to   space 14720K,   0% used [0x00000000d4160000, 0x00000000d4160000, 0x00000000d4fc0000)
 tenured generation   total 294328K, used 282212K [0x00000000d9e00000, 0x00000000ebd6e000, 0x00000000f5a00000)
   the space 294328K,  95% used [0x00000000d9e00000, 0x00000000eb199000, 0x00000000eb199000, 0x00000000ebd6e000)
 compacting perm gen  total 21248K, used 5944K [0x00000000f5a00000, 0x00000000f6ec0000, 0x0000000100000000)
   the space 21248K,  27% used [0x00000000f5a00000, 0x00000000f5fce080, 0x00000000f5fce200, 0x00000000f6ec0000)
No shared spaces configured.
}
Event: 19.906 GC heap before
{Heap before GC invocations=58 (full 4):
 def new generation   total 132480K, used 126691K [0x00000000cc000000, 0x00000000d4fc0000, 0x00000000d9e00000)
  eden space 117760K, 100% used [0x00000000cc000000, 0x00000000d3300000, 0x00000000d3300000)
  from space 14720K,  60% used [0x00000000d3300000, 0x00000000d3bb8c80, 0x00000000d4160000)
  to   space 14720K,   0% used [0x00000000d4160000, 0x00000000d4160000, 0x00000000d4fc0000)
 tenured generation   total 294328K, used 282212K [0x00000000d9e00000, 0x00000000ebd6e000, 0x00000000f5a00000)
   the space 294328K,  95% used [0x00000000d9e00000, 0x00000000eb199000, 0x00000000eb199000, 0x00000000ebd6e000)
 compacting perm gen  total 21248K, used 5944K [0x00000000f5a00000, 0x00000000f6ec0000, 0x0000000100000000)
   the space 21248K,  27% used [0x00000000f5a00000, 0x00000000f5fce080, 0x00000000f5fce200, 0x00000000f6ec0000)
No shared spaces configured.
Event: 20.031 GC heap after
Heap after GC invocations=59 (full 4):
 def new generation   total 132480K, used 9358K [0x00000000cc000000, 0x00000000d4fc0000, 0x00000000d9e00000)
  eden space 117760K,   0% used [0x00000000cc000000, 0x00000000cc000000, 0x00000000d3300000)
  from space 14720K,  63% used [0x00000000d4160000, 0x00000000d4a839e8, 0x00000000d4fc0000)
  to   space 14720K,   0% used [0x00000000d3300000, 0x00000000d3300000, 0x00000000d4160000)
 tenured generation   total 294328K, used 286627K [0x00000000d9e00000, 0x00000000ebd6e000, 0x00000000f5a00000)
   the space 294328K,  97% used [0x00000000d9e00000, 0x00000000eb5e8e80, 0x00000000eb5e9000, 0x00000000ebd6e000)
 compacting perm gen  total 21248K, used 5944K [0x00000000f5a00000, 0x00000000f6ec0000, 0x0000000100000000)
   the space 21248K,  27% used [0x00000000f5a00000, 0x00000000f5fce080, 0x00000000f5fce200, 0x00000000f6ec0000)
No shared spaces configured.
}
Event: 20.590 GC heap before
{Heap before GC invocations=59 (full 4):
 def new generation   total 132480K, used 127118K [0x00000000cc000000, 0x00000000d4fc0000, 0x00000000d9e00000)
  eden space 117760K, 100% used [0x00000000cc000000, 0x00000000d3300000, 0x00000000d3300000)
  from space 14720K,  63% used [0x00000000d4160000, 0x00000000d4a839e8, 0x00000000d4fc0000)
  to   space 14720K,   0% used [0x00000000d3300000, 0x00000000d3300000, 0x00000000d4160000)
 tenured generation   total 294328K, used 286627K [0x00000000d9e00000, 0x00000000ebd6e000, 0x00000000f5a00000)
   the space 294328K,  97% used [0x00000000d9e00000, 0x00000000eb5e8e80, 0x00000000eb5e9000, 0x00000000ebd6e000)
 compacting perm gen  total 21248K, used 5944K [0x00000000f5a00000, 0x00000000f6ec0000, 0x0000000100000000)
   the space 21248K,  27% used [0x00000000f5a00000, 0x00000000f5fce0c0, 0x00000000f5fce200, 0x00000000f6ec0000)
No shared spaces configured.

