# JRE version: OpenJDK Runtime Environment (7.0_51-b31) (build 1.7.0_51-b31)
# Java VM: OpenJDK 64-Bit Server VM (24.51-b03 mixed mode linux-amd64 compressed oops)
Heap
 def new generation   total 189312K, used 189311K [0x00000000cc000000, 0x00000000d8d60000, 0x00000000d9e00000)
  eden space 168320K, 100% used [0x00000000cc000000, 0x00000000d6460000, 0x00000000d6460000)
  from space 20992K,  99% used [0x00000000d78e0000, 0x00000000d8d5fff0, 0x00000000d8d60000)
  to   space 20992K,  29% used [0x00000000d6460000, 0x00000000d6a6b910, 0x00000000d78e0000)
 tenured generation   total 425904K, used 425903K [0x00000000d9e00000, 0x00000000f3dec000, 0x00000000f5a00000)
   the space 425904K,  99% used [0x00000000d9e00000, 0x00000000f3debfe0, 0x00000000f3dec000, 0x00000000f3dec000)
 compacting perm gen  total 21248K, used 5943K [0x00000000f5a00000, 0x00000000f6ec0000, 0x0000000100000000)
   the space 21248K,  27% used [0x00000000f5a00000, 0x00000000f5fcdf88, 0x00000000f5fce000, 0x00000000f6ec0000)
GC Heap History (10 events):
Event: 26.995 GC heap after
Heap after GC invocations=67 (full 5):
 def new generation   total 189312K, used 13480K [0x00000000cc000000, 0x00000000d8d60000, 0x00000000d9e00000)
  eden space 168320K,   0% used [0x00000000cc000000, 0x00000000cc000000, 0x00000000d6460000)
  from space 20992K,  64% used [0x00000000d78e0000, 0x00000000d860a328, 0x00000000d8d60000)
  to   space 20992K,   0% used [0x00000000d6460000, 0x00000000d6460000, 0x00000000d78e0000)
 tenured generation   total 420528K, used 328278K [0x00000000d9e00000, 0x00000000f38ac000, 0x00000000f5a00000)
   the space 420528K,  78% used [0x00000000d9e00000, 0x00000000ede95928, 0x00000000ede95a00, 0x00000000f38ac000)
 compacting perm gen  total 21248K, used 5943K [0x00000000f5a00000, 0x00000000f6ec0000, 0x0000000100000000)
   the space 21248K,  27% used [0x00000000f5a00000, 0x00000000f5fcdf88, 0x00000000f5fce000, 0x00000000f6ec0000)
No shared spaces configured.
}
Event: 27.391 GC heap before
{Heap before GC invocations=67 (full 5):
 def new generation   total 189312K, used 181800K [0x00000000cc000000, 0x00000000d8d60000, 0x00000000d9e00000)
  eden space 168320K, 100% used [0x00000000cc000000, 0x00000000d6460000, 0x00000000d6460000)
  from space 20992K,  64% used [0x00000000d78e0000, 0x00000000d860a328, 0x00000000d8d60000)
  to   space 20992K,   0% used [0x00000000d6460000, 0x00000000d6460000, 0x00000000d78e0000)
 tenured generation   total 420528K, used 328278K [0x00000000d9e00000, 0x00000000f38ac000, 0x00000000f5a00000)
   the space 420528K,  78% used [0x00000000d9e00000, 0x00000000ede95928, 0x00000000ede95a00, 0x00000000f38ac000)
 compacting perm gen  total 21248K, used 5943K [0x00000000f5a00000, 0x00000000f6ec0000, 0x0000000100000000)
   the space 21248K,  27% used [0x00000000f5a00000, 0x00000000f5fcdf88, 0x00000000f5fce000, 0x00000000f6ec0000)
No shared spaces configured.
Event: 27.589 GC heap after
Heap after GC invocations=68 (full 5):
 def new generation   total 189312K, used 13921K [0x00000000cc000000, 0x00000000d8d60000, 0x00000000d9e00000)
  eden space 168320K,   0% used [0x00000000cc000000, 0x00000000cc000000, 0x00000000d6460000)
  from space 20992K,  66% used [0x00000000d6460000, 0x00000000d71f87e8, 0x00000000d78e0000)
  to   space 20992K,   0% used [0x00000000d78e0000, 0x00000000d78e0000, 0x00000000d8d60000)
 tenured generation   total 420528K, used 334922K [0x00000000d9e00000, 0x00000000f38ac000, 0x00000000f5a00000)
   the space 420528K,  79% used [0x00000000d9e00000, 0x00000000ee512868, 0x00000000ee512a00, 0x00000000f38ac000)
 compacting perm gen  total 21248K, used 5943K [0x00000000f5a00000, 0x00000000f6ec0000, 0x0000000100000000)
   the space 21248K,  27% used [0x00000000f5a00000, 0x00000000f5fcdf88, 0x00000000f5fce000, 0x00000000f6ec0000)
No shared spaces configured.
}
Event: 27.974 GC heap before
{Heap before GC invocations=68 (full 5):
 def new generation   total 189312K, used 182241K [0x00000000cc000000, 0x00000000d8d60000, 0x00000000d9e00000)
  eden space 168320K, 100% used [0x00000000cc000000, 0x00000000d6460000, 0x00000000d6460000)
  from space 20992K,  66% used [0x00000000d6460000, 0x00000000d71f87e8, 0x00000000d78e0000)
  to   space 20992K,   0% used [0x00000000d78e0000, 0x00000000d78e0000, 0x00000000d8d60000)
 tenured generation   total 420528K, used 334922K [0x00000000d9e00000, 0x00000000f38ac000, 0x00000000f5a00000)
   the space 420528K,  79% used [0x00000000d9e00000, 0x00000000ee512868, 0x00000000ee512a00, 0x00000000f38ac000)
 compacting perm gen  total 21248K, used 5943K [0x00000000f5a00000, 0x00000000f6ec0000, 0x0000000100000000)
   the space 21248K,  27% used [0x00000000f5a00000, 0x00000000f5fcdf88, 0x00000000f5fce000, 0x00000000f6ec0000)
No shared spaces configured.
Event: 28.168 GC heap after
Heap after GC invocations=69 (full 5):
 def new generation   total 189312K, used 14068K [0x00000000cc000000, 0x00000000d8d60000, 0x00000000d9e00000)
  eden space 168320K,   0% used [0x00000000cc000000, 0x00000000cc000000, 0x00000000d6460000)
  from space 20992K,  67% used [0x00000000d78e0000, 0x00000000d869d3e8, 0x00000000d8d60000)
  to   space 20992K,   0% used [0x00000000d6460000, 0x00000000d6460000, 0x00000000d78e0000)
 tenured generation   total 420528K, used 341755K [0x00000000d9e00000, 0x00000000f38ac000, 0x00000000f5a00000)
   the space 420528K,  81% used [0x00000000d9e00000, 0x00000000eebbedc8, 0x00000000eebbee00, 0x00000000f38ac000)
 compacting perm gen  total 21248K, used 5943K [0x00000000f5a00000, 0x00000000f6ec0000, 0x0000000100000000)
   the space 21248K,  27% used [0x00000000f5a00000, 0x00000000f5fcdf88, 0x00000000f5fce000, 0x00000000f6ec0000)
No shared spaces configured.
}
Event: 28.547 GC heap before
{Heap before GC invocations=69 (full 5):
 def new generation   total 189312K, used 182388K [0x00000000cc000000, 0x00000000d8d60000, 0x00000000d9e00000)
  eden space 168320K, 100% used [0x00000000cc000000, 0x00000000d6460000, 0x00000000d6460000)
  from space 20992K,  67% used [0x00000000d78e0000, 0x00000000d869d3e8, 0x00000000d8d60000)
  to   space 20992K,   0% used [0x00000000d6460000, 0x00000000d6460000, 0x00000000d78e0000)
 tenured generation   total 420528K, used 341755K [0x00000000d9e00000, 0x00000000f38ac000, 0x00000000f5a00000)
   the space 420528K,  81% used [0x00000000d9e00000, 0x00000000eebbedc8, 0x00000000eebbee00, 0x00000000f38ac000)
 compacting perm gen  total 21248K, used 5943K [0x00000000f5a00000, 0x00000000f6ec0000, 0x0000000100000000)
   the space 21248K,  27% used [0x00000000f5a00000, 0x00000000f5fcdf88, 0x00000000f5fce000, 0x00000000f6ec0000)
No shared spaces configured.
Event: 28.753 GC heap after
Heap after GC invocations=70 (full 5):
 def new generation   total 189312K, used 13332K [0x00000000cc000000, 0x00000000d8d60000, 0x00000000d9e00000)
  eden space 168320K,   0% used [0x00000000cc000000, 0x00000000cc000000, 0x00000000d6460000)
  from space 20992K,  63% used [0x00000000d6460000, 0x00000000d7165010, 0x00000000d78e0000)
  to   space 20992K,   0% used [0x00000000d78e0000, 0x00000000d78e0000, 0x00000000d8d60000)
 tenured generation   total 420528K, used 348842K [0x00000000d9e00000, 0x00000000f38ac000, 0x00000000f5a00000)
   the space 420528K,  82% used [0x00000000d9e00000, 0x00000000ef2aaba0, 0x00000000ef2aac00, 0x00000000f38ac000)
 compacting perm gen  total 21248K, used 5943K [0x00000000f5a00000, 0x00000000f6ec0000, 0x0000000100000000)
   the space 21248K,  27% used [0x00000000f5a00000, 0x00000000f5fcdf88, 0x00000000f5fce000, 0x00000000f6ec0000)
No shared spaces configured.
}
Event: 30.071 GC heap before
{Heap before GC invocations=70 (full 5):
 def new generation   total 189312K, used 181652K [0x00000000cc000000, 0x00000000d8d60000, 0x00000000d9e00000)
  eden space 168320K, 100% used [0x00000000cc000000, 0x00000000d6460000, 0x00000000d6460000)
  from space 20992K,  63% used [0x00000000d6460000, 0x00000000d7165010, 0x00000000d78e0000)
  to   space 20992K,   0% used [0x00000000d78e0000, 0x00000000d78e0000, 0x00000000d8d60000)
 tenured generation   total 420528K, used 348842K [0x00000000d9e00000, 0x00000000f38ac000, 0x00000000f5a00000)
   the space 420528K,  82% used [0x00000000d9e00000, 0x00000000ef2aaba0, 0x00000000ef2aac00, 0x00000000f38ac000)
 compacting perm gen  total 21248K, used 5943K [0x00000000f5a00000, 0x00000000f6ec0000, 0x0000000100000000)
   the space 21248K,  27% used [0x00000000f5a00000, 0x00000000f5fcdf88, 0x00000000f5fce000, 0x00000000f6ec0000)
No shared spaces configured.
Event: 30.745 GC heap after
Heap after GC invocations=71 (full 5):
 def new generation   total 189312K, used 20991K [0x00000000cc000000, 0x00000000d8d60000, 0x00000000d9e00000)
  eden space 168320K,   0% used [0x00000000cc000000, 0x00000000cc000000, 0x00000000d6460000)
  from space 20992K,  99% used [0x00000000d78e0000, 0x00000000d8d5fff0, 0x00000000d8d60000)
  to   space 20992K,   0% used [0x00000000d6460000, 0x00000000d6460000, 0x00000000d78e0000)
 tenured generation   total 420528K, used 410290K [0x00000000d9e00000, 0x00000000f38ac000, 0x00000000f5a00000)
   the space 420528K,  97% used [0x00000000d9e00000, 0x00000000f2eaca68, 0x00000000f2eacc00, 0x00000000f38ac000)
 compacting perm gen  total 21248K, used 5943K [0x00000000f5a00000, 0x00000000f6ec0000, 0x0000000100000000)
   the space 21248K,  27% used [0x00000000f5a00000, 0x00000000f5fcdf88, 0x00000000f5fce000, 0x00000000f6ec0000)
No shared spaces configured.
}
Event: 32.671 GC heap before
{Heap before GC invocations=71 (full 5):
 def new generation   total 189312K, used 189311K [0x00000000cc000000, 0x00000000d8d60000, 0x00000000d9e00000)
  eden space 168320K, 100% used [0x00000000cc000000, 0x00000000d6460000, 0x00000000d6460000)
  from space 20992K,  99% used [0x00000000d78e0000, 0x00000000d8d5fff0, 0x00000000d8d60000)
  to   space 20992K,   0% used [0x00000000d6460000, 0x00000000d6460000, 0x00000000d78e0000)
 tenured generation   total 420528K, used 410290K [0x00000000d9e00000, 0x00000000f38ac000, 0x00000000f5a00000)
   the space 420528K,  97% used [0x00000000d9e00000, 0x00000000f2eaca68, 0x00000000f2eacc00, 0x00000000f38ac000)
 compacting perm gen  total 21248K, used 5943K [0x00000000f5a00000, 0x00000000f6ec0000, 0x0000000100000000)
   the space 21248K,  27% used [0x00000000f5a00000, 0x00000000f5fcdf88, 0x00000000f5fce000, 0x00000000f6ec0000)
No shared spaces configured.

